2014-05-31 17:49:20,141 DEBUG root reached.. [in srv.py:33]
2014-05-31 17:49:31,271 DEBUG root reached.. [in srv.py:33]
2014-05-31 17:49:31,315 DEBUG root reached.. [in srv.py:33]
2014-05-31 17:50:46,070 DEBUG root reached.. [in srv.py:33]
2014-05-31 17:50:46,108 DEBUG root reached.. [in srv.py:33]
2014-05-31 17:51:20,775 DEBUG root reached.. [in srv.py:33]
2014-05-31 17:51:20,806 DEBUG root reached.. [in srv.py:33]
2014-05-31 17:53:11,303 DEBUG root reached.. [in srv.py:33]
2014-05-31 17:53:11,338 DEBUG root reached.. [in srv.py:33]
2014-05-31 17:54:45,853 DEBUG >> root reached.. [in srv.py:33]
2014-05-31 17:54:45,888 DEBUG >> root reached.. [in srv.py:33]
2014-06-02 20:23:00,453 DEBUG root reached.. [in fhcserver.py:33]
2014-06-02 20:23:21,596 DEBUG root reached.. [in fhcserver.py:33]
2014-06-02 20:23:43,228 DEBUG root reached.. [in fhcserver.py:33]
2014-06-02 20:23:43,260 DEBUG root reached.. [in fhcserver.py:33]
2014-06-02 20:25:19,358 DEBUG root reached.. [in fhcserver.py:33]
2014-06-02 20:25:19,384 DEBUG root reached.. [in fhcserver.py:33]
2014-06-02 20:30:43,146 DEBUG root reached.. [in fhcserver.py:33]
2014-06-02 20:30:43,172 DEBUG root reached.. [in fhcserver.py:33]
2014-06-02 20:31:11,450 DEBUG root reached.. [in fhcserver.py:33]
2014-06-02 20:31:11,475 DEBUG root reached.. [in fhcserver.py:33]
2014-06-02 20:33:36,616 DEBUG root reached.. [in fhcserver.py:33]
2014-06-02 20:33:36,648 DEBUG root reached.. [in fhcserver.py:33]
2014-06-02 20:47:01,606 DEBUG root reached.. [in fhcserver.py:33]
2014-06-02 20:47:01,644 DEBUG root reached.. [in fhcserver.py:33]
2014-06-02 20:51:04,652 DEBUG root reached.. [in fhcserver.py:33]
2014-06-02 20:51:04,688 DEBUG root reached.. [in fhcserver.py:33]
2014-06-02 20:51:46,098 DEBUG root reached.. [in fhcserver.py:33]
2014-06-02 20:51:46,124 DEBUG root reached.. [in fhcserver.py:33]
2014-06-02 20:51:55,477 DEBUG root reached.. [in fhcserver.py:33]
2014-06-02 20:51:55,505 DEBUG root reached.. [in fhcserver.py:33]
2014-06-02 20:55:56,377 DEBUG root reached.. [in fhcserver.py:33]
2014-06-02 20:55:56,409 DEBUG root reached.. [in fhcserver.py:33]
2014-06-02 20:56:49,987 DEBUG root reached.. [in fhcserver.py:33]
2014-06-02 20:56:50,014 DEBUG root reached.. [in fhcserver.py:33]
2014-06-02 20:58:07,763 DEBUG root reached.. [in fhcserver.py:33]
2014-06-02 20:58:07,790 DEBUG root reached.. [in fhcserver.py:33]
2014-06-02 20:58:33,188 DEBUG root reached.. [in fhcserver.py:33]
2014-06-02 20:58:33,221 DEBUG root reached.. [in fhcserver.py:33]
2014-06-02 20:59:13,283 DEBUG root reached.. [in fhcserver.py:33]
2014-06-02 20:59:13,320 DEBUG root reached.. [in fhcserver.py:33]
2014-06-02 20:59:47,723 DEBUG root reached.. [in fhcserver.py:33]
2014-06-02 20:59:47,754 DEBUG root reached.. [in fhcserver.py:33]
2014-06-02 21:01:40,635 DEBUG root reached.. [in fhcserver.py:33]
2014-06-02 21:01:40,673 DEBUG root reached.. [in fhcserver.py:33]
2014-06-02 21:01:48,618 DEBUG root reached.. [in fhcserver.py:33]
2014-06-02 21:01:48,645 DEBUG root reached.. [in fhcserver.py:33]
2014-06-02 21:02:14,099 DEBUG root reached.. [in fhcserver.py:33]
2014-06-02 21:02:14,128 DEBUG root reached.. [in fhcserver.py:33]
2014-06-02 21:02:54,509 DEBUG root reached.. [in fhcserver.py:33]
2014-06-02 21:02:54,532 DEBUG root reached.. [in fhcserver.py:33]
2014-06-02 21:03:30,806 DEBUG root reached.. [in fhcserver.py:33]
2014-06-02 21:03:30,853 DEBUG root reached.. [in fhcserver.py:33]
2014-06-02 21:03:47,251 DEBUG root reached.. [in fhcserver.py:33]
2014-06-02 21:03:47,278 DEBUG root reached.. [in fhcserver.py:33]
2014-06-02 21:03:56,193 DEBUG root reached.. [in fhcserver.py:33]
2014-06-02 21:03:56,219 DEBUG root reached.. [in fhcserver.py:33]
2014-06-02 21:09:08,278 DEBUG root reached.. [in fhcserver.py:33]
2014-06-02 21:09:08,303 DEBUG root reached.. [in fhcserver.py:33]
2014-06-02 21:09:18,815 DEBUG root reached.. [in fhcserver.py:33]
2014-06-02 21:09:18,843 DEBUG root reached.. [in fhcserver.py:33]
2014-06-02 21:15:20,708 DEBUG root reached.. [in fhcserver.py:33]
2014-06-02 21:15:20,738 DEBUG root reached.. [in fhcserver.py:33]
2014-06-02 21:15:55,658 DEBUG root reached.. [in fhcserver.py:33]
2014-06-02 21:15:55,685 DEBUG root reached.. [in fhcserver.py:33]
2014-06-02 21:15:59,436 DEBUG root reached.. [in fhcserver.py:33]
2014-06-02 21:15:59,461 DEBUG root reached.. [in fhcserver.py:33]
2014-06-02 21:16:27,940 DEBUG root reached.. [in fhcserver.py:33]
2014-06-02 21:16:27,967 DEBUG root reached.. [in fhcserver.py:33]
2014-06-02 21:16:41,676 DEBUG root reached.. [in fhcserver.py:33]
2014-06-02 21:16:41,706 DEBUG root reached.. [in fhcserver.py:33]
2014-06-02 21:17:07,107 DEBUG root reached.. [in fhcserver.py:33]
2014-06-02 21:17:07,134 DEBUG root reached.. [in fhcserver.py:33]
2014-06-02 21:17:19,851 DEBUG root reached.. [in fhcserver.py:33]
2014-06-02 21:17:19,878 DEBUG root reached.. [in fhcserver.py:33]
2014-06-02 21:17:30,212 DEBUG root reached.. [in fhcserver.py:33]
2014-06-02 21:17:30,255 DEBUG root reached.. [in fhcserver.py:33]
2014-06-02 21:17:59,244 DEBUG root reached.. [in fhcserver.py:33]
2014-06-02 21:17:59,276 DEBUG root reached.. [in fhcserver.py:33]
2014-06-02 21:18:13,403 DEBUG root reached.. [in fhcserver.py:33]
2014-06-02 21:18:13,429 DEBUG root reached.. [in fhcserver.py:33]
2014-06-02 21:18:44,683 DEBUG root reached.. [in fhcserver.py:33]
2014-06-02 21:18:44,712 DEBUG root reached.. [in fhcserver.py:33]
2014-06-02 21:19:53,926 DEBUG root reached.. [in fhcserver.py:33]
2014-06-02 21:19:53,989 DEBUG root reached.. [in fhcserver.py:33]
2014-06-02 21:20:20,609 DEBUG root reached.. [in fhcserver.py:33]
2014-06-02 21:20:20,673 DEBUG root reached.. [in fhcserver.py:33]
2014-06-02 21:20:36,323 DEBUG root reached.. [in fhcserver.py:33]
2014-06-02 21:20:36,400 DEBUG root reached.. [in fhcserver.py:33]
2014-06-02 21:21:35,048 DEBUG root reached.. [in fhcserver.py:33]
2014-06-02 21:21:35,130 DEBUG root reached.. [in fhcserver.py:33]
2014-06-02 21:21:40,872 DEBUG root reached.. [in fhcserver.py:33]
2014-06-02 21:21:40,922 DEBUG root reached.. [in fhcserver.py:33]
2014-06-02 21:31:48,958 DEBUG root reached.. [in fhcserver.py:33]
2014-06-02 21:31:49,009 DEBUG root reached.. [in fhcserver.py:33]
2014-06-02 21:32:55,390 DEBUG root reached.. [in fhcserver.py:33]
2014-06-02 21:32:55,460 DEBUG root reached.. [in fhcserver.py:33]
2014-06-02 21:52:16,740 DEBUG root reached.. [in fhcserver.py:33]
2014-06-02 21:52:16,809 DEBUG root reached.. [in fhcserver.py:33]
2014-06-02 21:53:13,718 DEBUG root reached.. [in fhcserver.py:33]
2014-06-02 21:53:13,780 DEBUG root reached.. [in fhcserver.py:33]
2014-06-02 21:53:38,303 DEBUG root reached.. [in fhcserver.py:33]
2014-06-02 21:53:38,366 DEBUG root reached.. [in fhcserver.py:33]
2014-06-02 21:54:03,746 DEBUG root reached.. [in fhcserver.py:33]
2014-06-02 21:54:03,804 DEBUG root reached.. [in fhcserver.py:33]
2014-06-02 21:54:07,204 DEBUG root reached.. [in fhcserver.py:33]
2014-06-02 21:54:07,274 DEBUG root reached.. [in fhcserver.py:33]
2014-06-02 21:54:32,289 DEBUG root reached.. [in fhcserver.py:33]
2014-06-02 21:54:32,366 DEBUG root reached.. [in fhcserver.py:33]
2014-06-02 21:56:53,600 DEBUG root reached.. [in fhcserver.py:33]
2014-06-02 21:56:53,655 DEBUG root reached.. [in fhcserver.py:33]
2014-06-02 21:57:27,536 DEBUG root reached.. [in fhcserver.py:33]
2014-06-02 21:57:27,620 DEBUG root reached.. [in fhcserver.py:33]
2014-06-02 21:57:45,344 DEBUG root reached.. [in fhcserver.py:33]
2014-06-02 21:57:45,412 DEBUG root reached.. [in fhcserver.py:33]
2014-06-02 21:59:52,636 DEBUG root reached.. [in fhcserver.py:33]
2014-06-02 21:59:52,670 DEBUG root reached.. [in fhcserver.py:33]
2014-06-02 22:00:44,926 DEBUG root reached.. [in fhcserver.py:33]
2014-06-02 22:00:44,953 DEBUG root reached.. [in fhcserver.py:33]
2014-06-02 22:01:37,244 DEBUG root reached.. [in fhcserver.py:33]
2014-06-02 22:01:37,269 DEBUG root reached.. [in fhcserver.py:33]
2014-06-02 22:02:02,155 DEBUG root reached.. [in fhcserver.py:33]
2014-06-02 22:02:02,191 DEBUG root reached.. [in fhcserver.py:33]
2014-06-02 22:03:48,797 DEBUG root reached.. [in fhcserver.py:33]
2014-06-02 22:03:48,821 DEBUG root reached.. [in fhcserver.py:33]
2014-06-02 22:04:00,580 DEBUG root reached.. [in fhcserver.py:33]
2014-06-02 22:04:00,606 DEBUG root reached.. [in fhcserver.py:33]
2014-06-02 22:04:33,763 DEBUG root reached.. [in fhcserver.py:33]
2014-06-02 22:04:33,793 DEBUG root reached.. [in fhcserver.py:33]
2014-06-02 22:05:14,627 DEBUG root reached.. [in fhcserver.py:33]
2014-06-02 22:05:14,660 DEBUG root reached.. [in fhcserver.py:33]
2014-06-02 22:08:19,477 DEBUG root reached.. [in fhcserver.py:33]
2014-06-02 22:08:19,543 DEBUG root reached.. [in fhcserver.py:33]
2014-06-02 22:10:38,581 DEBUG root reached.. [in fhcserver.py:33]
2014-06-02 22:10:38,627 DEBUG root reached.. [in fhcserver.py:33]
2014-06-02 22:12:57,782 DEBUG root reached.. [in fhcserver.py:33]
2014-06-02 22:12:57,821 DEBUG root reached.. [in fhcserver.py:33]
2014-06-03 16:28:35,047 DEBUG root reached.. [in fhcserver.py:33]
2014-06-03 16:28:35,142 DEBUG root reached.. [in fhcserver.py:33]
2014-06-03 16:28:44,166 DEBUG root reached.. [in fhcserver.py:33]
2014-06-03 16:28:44,195 DEBUG root reached.. [in fhcserver.py:33]
2014-06-03 16:29:40,925 DEBUG root reached.. [in fhcserver.py:33]
2014-06-03 16:29:40,951 DEBUG root reached.. [in fhcserver.py:33]
2014-06-03 16:30:41,006 DEBUG root reached.. [in fhcserver.py:33]
2014-06-03 16:30:41,034 DEBUG root reached.. [in fhcserver.py:33]
2014-06-03 16:30:59,420 DEBUG root reached.. [in fhcserver.py:33]
2014-06-03 16:30:59,455 DEBUG root reached.. [in fhcserver.py:33]
2014-06-03 16:34:43,304 DEBUG root reached.. [in fhcserver.py:33]
2014-06-03 16:34:43,331 DEBUG root reached.. [in fhcserver.py:33]
2014-06-03 17:10:54,745 DEBUG root reached.. [in fhcserver.py:40]
2014-06-03 17:10:54,788 DEBUG root reached.. [in fhcserver.py:40]
2014-06-03 17:21:35,213 DEBUG root reached.. [in fhcserver.py:40]
2014-06-03 17:21:35,272 DEBUG root reached.. [in fhcserver.py:40]
2014-06-03 17:22:13,570 DEBUG root reached.. [in fhcserver.py:40]
2014-06-03 17:22:13,598 DEBUG root reached.. [in fhcserver.py:40]
2014-06-03 17:27:41,466 DEBUG root reached.. [in fhcserver.py:40]
2014-06-03 17:27:41,501 DEBUG root reached.. [in fhcserver.py:40]
2014-06-04 08:09:37,298 DEBUG root reached.. [in fhcserver.py:40]
2014-06-04 08:09:37,379 DEBUG root reached.. [in fhcserver.py:40]
2014-06-04 08:10:06,639 DEBUG root reached.. [in fhcserver.py:40]
2014-06-04 08:10:06,661 DEBUG root reached.. [in fhcserver.py:40]
2014-06-04 08:48:58,142 DEBUG root reached.. [in fhcserver.py:40]
2014-06-04 08:48:58,193 DEBUG root reached.. [in fhcserver.py:40]
2014-06-04 08:54:16,958 DEBUG root reached.. [in fhcserver.py:40]
2014-06-04 08:54:16,998 DEBUG root reached.. [in fhcserver.py:40]
2014-06-05 21:49:11,930 DEBUG root reached.. [in fhcserver.py:42]
2014-06-05 21:50:07,140 DEBUG root reached.. [in fhcserver.py:42]
2014-06-05 21:50:52,296 DEBUG root reached.. [in fhcserver.py:42]
2014-06-05 22:03:33,926 DEBUG root reached.. [in fhcserver.py:44]
2014-06-05 22:03:34,969 DEBUG catalog: static/ctlgs//DVD_katalogus.xml [in fhcserver.py:50]
2014-06-05 22:27:29,283 DEBUG root reached.. [in fhcserver.py:45]
2014-06-05 22:34:51,610 DEBUG movies: ['NO Strings Attached', 'Fight Club'] [in fhcserver.py:53]
2014-06-05 22:35:03,501 DEBUG movies: ['NO Strings Attached', 'Fight Club'] [in fhcserver.py:53]
2014-06-05 22:41:04,138 DEBUG movies: ['NO Strings Attached', 'Fight Club'] [in fhcserver.py:52]
2014-06-05 22:41:05,005 DEBUG movies: ['NO Strings Attached', 'Fight Club'] [in fhcserver.py:52]
2014-06-05 22:42:15,503 DEBUG movies: ['NO Strings Attached', 'Fight Club'] [in fhcserver.py:52]
2014-06-05 22:43:10,041 DEBUG movies: ['NO Strings Attached', 'Fight Club'] [in fhcserver.py:52]
2014-06-05 22:44:19,440 DEBUG root reached.. [in fhcserver.py:40]
2014-06-05 22:44:22,405 DEBUG movies: ['NO Strings Attached', 'Fight Club'] [in fhcserver.py:52]
